<?xml version="1.0" encoding="UTF-8"?>
<!-- Generated by org.testng.reporters.JUnitReportReporter -->
<testsuite hostname="Tanim" name="AmericanAirlines.AAmerican.hotelsearch" tests="1" failures="0" timestamp="28 Apr 2020 00:00:05 GMT" time="25.995" errors="0">
  <testcase name="searchhotel" time="25.995" classname="AmericanAirlines.AAmerican.hotelsearch"/>
</testsuite> <!-- AmericanAirlines.AAmerican.hotelsearch -->
