<?xml version="1.0" encoding="UTF-8"?>
<!-- Generated by org.testng.reporters.JUnitReportReporter -->
<testsuite hostname="Tanim" name="AmericanAirlines.AAmerican.HomePage" tests="1" failures="0" timestamp="10 May 2020 18:03:49 GMT" time="42.122" errors="0">
  <testcase name="basepagenavigation" time="42.122" classname="AmericanAirlines.AAmerican.HomePage"/>
</testsuite> <!-- AmericanAirlines.AAmerican.HomePage -->
