<?xml version="1.0" encoding="UTF-8"?>
<!-- Generated by org.testng.reporters.JUnitReportReporter -->
<testsuite hostname="Tanim" name="AmericanAirlines.AAmerican.qaclickacademy" tests="2" failures="0" timestamp="27 Apr 2020 00:05:42 GMT" time="84.110" errors="0">
  <testcase name="basepagenavigation" time="49.056" classname="AmericanAirlines.AAmerican.qaclickacademy"/>
  <testcase name="basepagenavigation" time="35.054" classname="AmericanAirlines.AAmerican.qaclickacademy"/>
</testsuite> <!-- AmericanAirlines.AAmerican.qaclickacademy -->
