<?xml version="1.0" encoding="UTF-8"?>
<!-- Generated by org.testng.reporters.JUnitReportReporter -->
<testsuite hostname="Tanim" name="AmericanAirlines.AAmerican.qaclickacademy" tests="2" failures="0" timestamp="28 Apr 2020 00:00:05 GMT" time="83.621" errors="0">
  <testcase name="basepagenavigation" time="46.687" classname="AmericanAirlines.AAmerican.qaclickacademy"/>
  <testcase name="basepagenavigation" time="36.934" classname="AmericanAirlines.AAmerican.qaclickacademy"/>
</testsuite> <!-- AmericanAirlines.AAmerican.qaclickacademy -->
