<?xml version="1.0" encoding="UTF-8"?>
<!-- Generated by org.testng.reporters.JUnitReportReporter -->
<testsuite hostname="Tanim" name="AmericanAirlines.AAmerican.hotelsearch" tests="1" failures="0" timestamp="10 May 2020 18:08:20 GMT" time="5.757" errors="0">
  <testcase name="searchhotel" time="5.757" classname="AmericanAirlines.AAmerican.hotelsearch"/>
</testsuite> <!-- AmericanAirlines.AAmerican.hotelsearch -->
