<?xml version="1.0" encoding="UTF-8"?>
<!-- Generated by org.testng.reporters.JUnitReportReporter -->
<testsuite hostname="Tanim" name="AmericanAirlines.AAmerican.HomePage" tests="1" failures="0" timestamp="26 Apr 2020 23:31:50 GMT" time="60.034" errors="0">
  <testcase name="basepagenavigation" time="60.034" classname="AmericanAirlines.AAmerican.HomePage"/>
</testsuite> <!-- AmericanAirlines.AAmerican.HomePage -->
