<?xml version="1.0" encoding="UTF-8"?>
<!-- Generated by org.testng.reporters.JUnitReportReporter -->
<testsuite hostname="Tanim" name="AmericanAirlines.AAmerican.hotelsearch" tests="1" failures="0" timestamp="25 Apr 2020 23:45:55 GMT" time="34.217" errors="0">
  <testcase name="searchhotel" time="34.217" classname="AmericanAirlines.AAmerican.hotelsearch"/>
</testsuite> <!-- AmericanAirlines.AAmerican.hotelsearch -->
