<?xml version="1.0" encoding="UTF-8"?>
<!-- Generated by org.testng.reporters.JUnitReportReporter -->
<testsuite hostname="Tanim" name="AmericanAirlines.AAmerican.HomePage" tests="1" failures="0" timestamp="27 Apr 2020 00:19:03 GMT" time="63.204" errors="0">
  <testcase name="basepagenavigation" time="63.204" classname="AmericanAirlines.AAmerican.HomePage"/>
</testsuite> <!-- AmericanAirlines.AAmerican.HomePage -->
